# JRE version: Java(TM) SE Runtime Environment (13.0.2+8) (build 13.0.2+8)
# Java VM: Java HotSpot(TM) 64-Bit Server VM (13.0.2+8, mixed mode, sharing, tiered, compressed oops, parallel gc, windows-amd64)
Heap:
 PSYoungGen      total 17920K, used 2561K [0x00000000eab00000, 0x00000000ec280000, 0x0000000100000000)
  eden space 14848K, 0% used [0x00000000eab00000,0x00000000eab00000,0x00000000eb980000)
  from space 3072K, 83% used [0x00000000eba80000,0x00000000ebd00580,0x00000000ebd80000)
  to   space 3584K, 0% used [0x00000000ebf00000,0x00000000ebf00000,0x00000000ec280000)
 ParOldGen       total 180736K, used 179546K [0x00000000c0000000, 0x00000000cb080000, 0x00000000eab00000)
  object space 180736K, 99% used [0x00000000c0000000,0x00000000caf56ab0,0x00000000cb080000)
 Metaspace       used 88570K, capacity 92075K, committed 92376K, reserved 1132544K
  class space    used 8356K, capacity 9664K, committed 9728K, reserved 1048576K
GC Heap History (20 events):
Event: 27661.009 GC heap after
{Heap after GC invocations=26270 (full 520):
 PSYoungGen      total 10752K, used 1668K [0x00000000eab00000, 0x00000000eb800000, 0x0000000100000000)
  eden space 8704K, 0% used [0x00000000eab00000,0x00000000eab00000,0x00000000eb380000)
  from space 2048K, 81% used [0x00000000eb600000,0x00000000eb7a1170,0x00000000eb800000)
  to   space 2048K, 0% used [0x00000000eb400000,0x00000000eb400000,0x00000000eb600000)
 ParOldGen       total 179200K, used 149091K [0x00000000c0000000, 0x00000000caf00000, 0x00000000eab00000)
  object space 179200K, 83% used [0x00000000c0000000,0x00000000c9198f38,0x00000000caf00000)
 Metaspace       used 88570K, capacity 92075K, committed 92376K, reserved 1132544K
  class space    used 8356K, capacity 9664K, committed 9728K, reserved 1048576K
}
Event: 27661.034 GC heap before
{Heap before GC invocations=26271 (full 520):
 PSYoungGen      total 10752K, used 10372K [0x00000000eab00000, 0x00000000eb800000, 0x0000000100000000)
  eden space 8704K, 100% used [0x00000000eab00000,0x00000000eb380000,0x00000000eb380000)
  from space 2048K, 81% used [0x00000000eb600000,0x00000000eb7a1170,0x00000000eb800000)
  to   space 2048K, 0% used [0x00000000eb400000,0x00000000eb400000,0x00000000eb600000)
 ParOldGen       total 179200K, used 149091K [0x00000000c0000000, 0x00000000caf00000, 0x00000000eab00000)
  object space 179200K, 83% used [0x00000000c0000000,0x00000000c9198f38,0x00000000caf00000)
 Metaspace       used 88570K, capacity 92075K, committed 92376K, reserved 1132544K
  class space    used 8356K, capacity 9664K, committed 9728K, reserved 1048576K
}
Event: 27661.038 GC heap after
{Heap after GC invocations=26271 (full 520):
 PSYoungGen      total 11264K, used 2021K [0x00000000eab00000, 0x00000000ebe80000, 0x0000000100000000)
  eden space 9216K, 0% used [0x00000000eab00000,0x00000000eab00000,0x00000000eb400000)
  from space 2048K, 98% used [0x00000000eb400000,0x00000000eb5f95e0,0x00000000eb600000)
  to   space 4608K, 0% used [0x00000000eba00000,0x00000000eba00000,0x00000000ebe80000)
 ParOldGen       total 179200K, used 151231K [0x00000000c0000000, 0x00000000caf00000, 0x00000000eab00000)
  object space 179200K, 84% used [0x00000000c0000000,0x00000000c93afd10,0x00000000caf00000)
 Metaspace       used 88570K, capacity 92075K, committed 92376K, reserved 1132544K
  class space    used 8356K, capacity 9664K, committed 9728K, reserved 1048576K
}
Event: 27661.064 GC heap before
{Heap before GC invocations=26272 (full 520):
 PSYoungGen      total 11264K, used 11237K [0x00000000eab00000, 0x00000000ebe80000, 0x0000000100000000)
  eden space 9216K, 100% used [0x00000000eab00000,0x00000000eb400000,0x00000000eb400000)
  from space 2048K, 98% used [0x00000000eb400000,0x00000000eb5f95e0,0x00000000eb600000)
  to   space 4608K, 0% used [0x00000000eba00000,0x00000000eba00000,0x00000000ebe80000)
 ParOldGen       total 179200K, used 151231K [0x00000000c0000000, 0x00000000caf00000, 0x00000000eab00000)
  object space 179200K, 84% used [0x00000000c0000000,0x00000000c93afd10,0x00000000caf00000)
 Metaspace       used 88570K, capacity 92075K, committed 92376K, reserved 1132544K
  class space    used 8356K, capacity 9664K, committed 9728K, reserved 1048576K
}
Event: 27661.068 GC heap after
{Heap after GC invocations=26272 (full 520):
 PSYoungGen      total 14336K, used 3020K [0x00000000eab00000, 0x00000000ebd00000, 0x0000000100000000)
  eden space 11264K, 0% used [0x00000000eab00000,0x00000000eab00000,0x00000000eb600000)
  from space 3072K, 98% used [0x00000000eba00000,0x00000000ebcf3370,0x00000000ebd00000)
  to   space 3584K, 0% used [0x00000000eb600000,0x00000000eb600000,0x00000000eb980000)
 ParOldGen       total 179200K, used 153239K [0x00000000c0000000, 0x00000000caf00000, 0x00000000eab00000)
  object space 179200K, 85% used [0x00000000c0000000,0x00000000c95a5ef8,0x00000000caf00000)
 Metaspace       used 88570K, capacity 92075K, committed 92376K, reserved 1132544K
  class space    used 8356K, capacity 9664K, committed 9728K, reserved 1048576K
}
Event: 27661.101 GC heap before
{Heap before GC invocations=26273 (full 520):
 PSYoungGen      total 14336K, used 14284K [0x00000000eab00000, 0x00000000ebd00000, 0x0000000100000000)
  eden space 11264K, 100% used [0x00000000eab00000,0x00000000eb600000,0x00000000eb600000)
  from space 3072K, 98% used [0x00000000eba00000,0x00000000ebcf3370,0x00000000ebd00000)
  to   space 3584K, 0% used [0x00000000eb600000,0x00000000eb600000,0x00000000eb980000)
 ParOldGen       total 179200K, used 153239K [0x00000000c0000000, 0x00000000caf00000, 0x00000000eab00000)
  object space 179200K, 85% used [0x00000000c0000000,0x00000000c95a5ef8,0x00000000caf00000)
 Metaspace       used 88570K, capacity 92075K, committed 92376K, reserved 1132544K
  class space    used 8356K, capacity 9664K, committed 9728K, reserved 1048576K
}
Event: 27661.106 GC heap after
{Heap after GC invocations=26273 (full 520):
 PSYoungGen      total 14848K, used 3572K [0x00000000eab00000, 0x00000000ec700000, 0x0000000100000000)
  eden space 11264K, 0% used [0x00000000eab00000,0x00000000eab00000,0x00000000eb600000)
  from space 3584K, 99% used [0x00000000eb600000,0x00000000eb97d0a8,0x00000000eb980000)
  to   space 7680K, 0% used [0x00000000ebf80000,0x00000000ebf80000,0x00000000ec700000)
 ParOldGen       total 179200K, used 156405K [0x00000000c0000000, 0x00000000caf00000, 0x00000000eab00000)
  object space 179200K, 87% used [0x00000000c0000000,0x00000000c98bd520,0x00000000caf00000)
 Metaspace       used 88570K, capacity 92075K, committed 92376K, reserved 1132544K
  class space    used 8356K, capacity 9664K, committed 9728K, reserved 1048576K
}
Event: 27661.137 GC heap before
{Heap before GC invocations=26274 (full 520):
 PSYoungGen      total 14848K, used 14836K [0x00000000eab00000, 0x00000000ec700000, 0x0000000100000000)
  eden space 11264K, 100% used [0x00000000eab00000,0x00000000eb600000,0x00000000eb600000)
  from space 3584K, 99% used [0x00000000eb600000,0x00000000eb97d0a8,0x00000000eb980000)
  to   space 7680K, 0% used [0x00000000ebf80000,0x00000000ebf80000,0x00000000ec700000)
 ParOldGen       total 179200K, used 156405K [0x00000000c0000000, 0x00000000caf00000, 0x00000000eab00000)
  object space 179200K, 87% used [0x00000000c0000000,0x00000000c98bd520,0x00000000caf00000)
 Metaspace       used 88570K, capacity 92075K, committed 92376K, reserved 1132544K
  class space    used 8356K, capacity 9664K, committed 9728K, reserved 1048576K
}
Event: 27661.142 GC heap after
{Heap after GC invocations=26274 (full 520):
 PSYoungGen      total 17408K, used 3715K [0x00000000eab00000, 0x00000000ec380000, 0x0000000100000000)
  eden space 13312K, 0% used [0x00000000eab00000,0x00000000eab00000,0x00000000eb800000)
  from space 4096K, 90% used [0x00000000ebf80000,0x00000000ec320f98,0x00000000ec380000)
  to   space 5120K, 0% used [0x00000000eb980000,0x00000000eb980000,0x00000000ebe80000)
 ParOldGen       total 179200K, used 159925K [0x00000000c0000000, 0x00000000caf00000, 0x00000000eab00000)
  object space 179200K, 89% used [0x00000000c0000000,0x00000000c9c2d678,0x00000000caf00000)
 Metaspace       used 88570K, capacity 92075K, committed 92376K, reserved 1132544K
  class space    used 8356K, capacity 9664K, committed 9728K, reserved 1048576K
}
Event: 27661.181 GC heap before
{Heap before GC invocations=26275 (full 520):
 PSYoungGen      total 17408K, used 17027K [0x00000000eab00000, 0x00000000ec380000, 0x0000000100000000)
  eden space 13312K, 100% used [0x00000000eab00000,0x00000000eb800000,0x00000000eb800000)
  from space 4096K, 90% used [0x00000000ebf80000,0x00000000ec320f98,0x00000000ec380000)
  to   space 5120K, 0% used [0x00000000eb980000,0x00000000eb980000,0x00000000ebe80000)
 ParOldGen       total 179200K, used 159925K [0x00000000c0000000, 0x00000000caf00000, 0x00000000eab00000)
  object space 179200K, 89% used [0x00000000c0000000,0x00000000c9c2d678,0x00000000caf00000)
 Metaspace       used 88570K, capacity 92075K, committed 92376K, reserved 1132544K
  class space    used 8356K, capacity 9664K, committed 9728K, reserved 1048576K
}
Event: 27661.188 GC heap after
{Heap after GC invocations=26275 (full 520):
 PSYoungGen      total 19968K, used 4183K [0x00000000eab00000, 0x00000000ec380000, 0x0000000100000000)
  eden space 14848K, 0% used [0x00000000eab00000,0x00000000eab00000,0x00000000eb980000)
  from space 5120K, 81% used [0x00000000eb980000,0x00000000ebd95d48,0x00000000ebe80000)
  to   space 4608K, 0% used [0x00000000ebf00000,0x00000000ebf00000,0x00000000ec380000)
 ParOldGen       total 179200K, used 163536K [0x00000000c0000000, 0x00000000caf00000, 0x00000000eab00000)
  object space 179200K, 91% used [0x00000000c0000000,0x00000000c9fb40a0,0x00000000caf00000)
 Metaspace       used 88570K, capacity 92075K, committed 92376K, reserved 1132544K
  class space    used 8356K, capacity 9664K, committed 9728K, reserved 1048576K
}
Event: 27661.230 GC heap before
{Heap before GC invocations=26276 (full 520):
 PSYoungGen      total 19968K, used 19031K [0x00000000eab00000, 0x00000000ec380000, 0x0000000100000000)
  eden space 14848K, 100% used [0x00000000eab00000,0x00000000eb980000,0x00000000eb980000)
  from space 5120K, 81% used [0x00000000eb980000,0x00000000ebd95d48,0x00000000ebe80000)
  to   space 4608K, 0% used [0x00000000ebf00000,0x00000000ebf00000,0x00000000ec380000)
 ParOldGen       total 179200K, used 163536K [0x00000000c0000000, 0x00000000caf00000, 0x00000000eab00000)
  object space 179200K, 91% used [0x00000000c0000000,0x00000000c9fb40a0,0x00000000caf00000)
 Metaspace       used 88570K, capacity 92075K, committed 92376K, reserved 1132544K
  class space    used 8356K, capacity 9664K, committed 9728K, reserved 1048576K
}
Event: 27661.236 GC heap after
{Heap after GC invocations=26276 (full 520):
 PSYoungGen      total 18432K, used 3147K [0x00000000eab00000, 0x00000000ec280000, 0x0000000100000000)
  eden space 14848K, 0% used [0x00000000eab00000,0x00000000eab00000,0x00000000eb980000)
  from space 3584K, 87% used [0x00000000ebf00000,0x00000000ec212cd0,0x00000000ec280000)
  to   space 3584K, 0% used [0x00000000ebb80000,0x00000000ebb80000,0x00000000ebf00000)
 ParOldGen       total 179200K, used 167539K [0x00000000c0000000, 0x00000000caf00000, 0x00000000eab00000)
  object space 179200K, 93% used [0x00000000c0000000,0x00000000ca39cc40,0x00000000caf00000)
 Metaspace       used 88570K, capacity 92075K, committed 92376K, reserved 1132544K
  class space    used 8356K, capacity 9664K, committed 9728K, reserved 1048576K
}
Event: 27661.276 GC heap before
{Heap before GC invocations=26277 (full 520):
 PSYoungGen      total 18432K, used 17995K [0x00000000eab00000, 0x00000000ec280000, 0x0000000100000000)
  eden space 14848K, 100% used [0x00000000eab00000,0x00000000eb980000,0x00000000eb980000)
  from space 3584K, 87% used [0x00000000ebf00000,0x00000000ec212cd0,0x00000000ec280000)
  to   space 3584K, 0% used [0x00000000ebb80000,0x00000000ebb80000,0x00000000ebf00000)
 ParOldGen       total 179200K, used 167539K [0x00000000c0000000, 0x00000000caf00000, 0x00000000eab00000)
  object space 179200K, 93% used [0x00000000c0000000,0x00000000ca39cc40,0x00000000caf00000)
 Metaspace       used 88570K, capacity 92075K, committed 92376K, reserved 1132544K
  class space    used 8356K, capacity 9664K, committed 9728K, reserved 1048576K
}
Event: 27661.281 GC heap after
{Heap after GC invocations=26277 (full 520):
 PSYoungGen      total 18432K, used 3557K [0x00000000eab00000, 0x00000000eca80000, 0x0000000100000000)
  eden space 14848K, 0% used [0x00000000eab00000,0x00000000eab00000,0x00000000eb980000)
  from space 3584K, 99% used [0x00000000ebb80000,0x00000000ebef95e0,0x00000000ebf00000)
  to   space 8704K, 0% used [0x00000000ec200000,0x00000000ec200000,0x00000000eca80000)
 ParOldGen       total 179200K, used 171542K [0x00000000c0000000, 0x00000000caf00000, 0x00000000eab00000)
  object space 179200K, 95% used [0x00000000c0000000,0x00000000ca785b98,0x00000000caf00000)
 Metaspace       used 88570K, capacity 92075K, committed 92376K, reserved 1132544K
  class space    used 8356K, capacity 9664K, committed 9728K, reserved 1048576K
}
Event: 27661.327 GC heap before
{Heap before GC invocations=26278 (full 520):
 PSYoungGen      total 18432K, used 18405K [0x00000000eab00000, 0x00000000eca80000, 0x0000000100000000)
  eden space 14848K, 100% used [0x00000000eab00000,0x00000000eb980000,0x00000000eb980000)
  from space 3584K, 99% used [0x00000000ebb80000,0x00000000ebef95e0,0x00000000ebf00000)
  to   space 8704K, 0% used [0x00000000ec200000,0x00000000ec200000,0x00000000eca80000)
 ParOldGen       total 179200K, used 171542K [0x00000000c0000000, 0x00000000caf00000, 0x00000000eab00000)
  object space 179200K, 95% used [0x00000000c0000000,0x00000000ca785b98,0x00000000caf00000)
 Metaspace       used 88570K, capacity 92075K, committed 92376K, reserved 1132544K
  class space    used 8356K, capacity 9664K, committed 9728K, reserved 1048576K
}
Event: 27661.333 GC heap after
{Heap after GC invocations=26278 (full 520):
 PSYoungGen      total 19456K, used 4563K [0x00000000eab00000, 0x00000000ec680000, 0x0000000100000000)
  eden space 14848K, 0% used [0x00000000eab00000,0x00000000eab00000,0x00000000eb980000)
  from space 4608K, 99% used [0x00000000ec200000,0x00000000ec674f90,0x00000000ec680000)
  to   space 6144K, 0% used [0x00000000eba80000,0x00000000eba80000,0x00000000ec080000)
 ParOldGen       total 179200K, used 175098K [0x00000000c0000000, 0x00000000caf00000, 0x00000000eab00000)
  object space 179200K, 97% used [0x00000000c0000000,0x00000000caafeb40,0x00000000caf00000)
 Metaspace       used 88570K, capacity 92075K, committed 92376K, reserved 1132544K
  class space    used 8356K, capacity 9664K, committed 9728K, reserved 1048576K
}
Event: 27661.372 GC heap before
{Heap before GC invocations=26279 (full 520):
 PSYoungGen      total 19456K, used 19411K [0x00000000eab00000, 0x00000000ec680000, 0x0000000100000000)
  eden space 14848K, 100% used [0x00000000eab00000,0x00000000eb980000,0x00000000eb980000)
  from space 4608K, 99% used [0x00000000ec200000,0x00000000ec674f90,0x00000000ec680000)
  to   space 6144K, 0% used [0x00000000eba80000,0x00000000eba80000,0x00000000ec080000)
 ParOldGen       total 179200K, used 175098K [0x00000000c0000000, 0x00000000caf00000, 0x00000000eab00000)
  object space 179200K, 97% used [0x00000000c0000000,0x00000000caafeb40,0x00000000caf00000)
 Metaspace       used 88570K, capacity 92075K, committed 92376K, reserved 1132544K
  class space    used 8356K, capacity 9664K, committed 9728K, reserved 1048576K
}
Event: 27661.378 GC heap after
{Heap after GC invocations=26279 (full 520):
 PSYoungGen      total 17920K, used 2561K [0x00000000eab00000, 0x00000000ec280000, 0x0000000100000000)
  eden space 14848K, 0% used [0x00000000eab00000,0x00000000eab00000,0x00000000eb980000)
  from space 3072K, 83% used [0x00000000eba80000,0x00000000ebd00580,0x00000000ebd80000)
  to   space 3584K, 0% used [0x00000000ebf00000,0x00000000ebf00000,0x00000000ec280000)
 ParOldGen       total 180736K, used 179546K [0x00000000c0000000, 0x00000000cb080000, 0x00000000eab00000)
  object space 180736K, 99% used [0x00000000c0000000,0x00000000caf56ab0,0x00000000cb080000)
 Metaspace       used 88570K, capacity 92075K, committed 92376K, reserved 1132544K
  class space    used 8356K, capacity 9664K, committed 9728K, reserved 1048576K
}
Event: 27661.378 GC heap before
{Heap before GC invocations=26280 (full 521):
 PSYoungGen      total 17920K, used 2561K [0x00000000eab00000, 0x00000000ec280000, 0x0000000100000000)
  eden space 14848K, 0% used [0x00000000eab00000,0x00000000eab00000,0x00000000eb980000)
  from space 3072K, 83% used [0x00000000eba80000,0x00000000ebd00580,0x00000000ebd80000)
  to   space 3584K, 0% used [0x00000000ebf00000,0x00000000ebf00000,0x00000000ec280000)
 ParOldGen       total 180736K, used 179546K [0x00000000c0000000, 0x00000000cb080000, 0x00000000eab00000)
  object space 180736K, 99% used [0x00000000c0000000,0x00000000caf56ab0,0x00000000cb080000)
 Metaspace       used 88570K, capacity 92075K, committed 92376K, reserved 1132544K
  class space    used 8356K, capacity 9664K, committed 9728K, reserved 1048576K
}

