# JRE version: Java(TM) SE Runtime Environment (13.0.2+8) (build 13.0.2+8)
# Java VM: Java HotSpot(TM) 64-Bit Server VM (13.0.2+8, mixed mode, sharing, tiered, compressed oops, parallel gc, windows-amd64)
Heap:
 PSYoungGen      total 14848K, used 2656K [0x00000000eab00000, 0x00000000ebc80000, 0x0000000100000000)
  eden space 11776K, 0% used [0x00000000eab00000,0x00000000eab00000,0x00000000eb680000)
  from space 3072K, 86% used [0x00000000eb700000,0x00000000eb998000,0x00000000eba00000)
  to   space 2560K, 0% used [0x00000000eba00000,0x00000000eba00000,0x00000000ebc80000)
 ParOldGen       total 153088K, used 150711K [0x00000000c0000000, 0x00000000c9580000, 0x00000000eab00000)
  object space 153088K, 98% used [0x00000000c0000000,0x00000000c932ded0,0x00000000c9580000)
 Metaspace       used 83470K, capacity 86919K, committed 87256K, reserved 1128448K
  class space    used 7892K, capacity 9094K, committed 9176K, reserved 1048576K
GC Heap History (20 events):
Event: 67540.139 GC heap after
{Heap after GC invocations=12520 (full 301):
 PSYoungGen      total 12288K, used 448K [0x00000000eab00000, 0x00000000ebc00000, 0x0000000100000000)
  eden space 11776K, 0% used [0x00000000eab00000,0x00000000eab00000,0x00000000eb680000)
  from space 512K, 87% used [0x00000000ebb80000,0x00000000ebbf0000,0x00000000ebc00000)
  to   space 512K, 0% used [0x00000000ebb00000,0x00000000ebb00000,0x00000000ebb80000)
 ParOldGen       total 153088K, used 140581K [0x00000000c0000000, 0x00000000c9580000, 0x00000000eab00000)
  object space 153088K, 91% used [0x00000000c0000000,0x00000000c8949670,0x00000000c9580000)
 Metaspace       used 83463K, capacity 86919K, committed 87256K, reserved 1128448K
  class space    used 7892K, capacity 9094K, committed 9176K, reserved 1048576K
}
Event: 67540.159 GC heap before
{Heap before GC invocations=12521 (full 301):
 PSYoungGen      total 12288K, used 12224K [0x00000000eab00000, 0x00000000ebc00000, 0x0000000100000000)
  eden space 11776K, 100% used [0x00000000eab00000,0x00000000eb680000,0x00000000eb680000)
  from space 512K, 87% used [0x00000000ebb80000,0x00000000ebbf0000,0x00000000ebc00000)
  to   space 512K, 0% used [0x00000000ebb00000,0x00000000ebb00000,0x00000000ebb80000)
 ParOldGen       total 153088K, used 140581K [0x00000000c0000000, 0x00000000c9580000, 0x00000000eab00000)
  object space 153088K, 91% used [0x00000000c0000000,0x00000000c8949670,0x00000000c9580000)
 Metaspace       used 83463K, capacity 86919K, committed 87256K, reserved 1128448K
  class space    used 7892K, capacity 9094K, committed 9176K, reserved 1048576K
}
Event: 67540.161 GC heap after
{Heap after GC invocations=12521 (full 301):
 PSYoungGen      total 12288K, used 512K [0x00000000eab00000, 0x00000000ebc00000, 0x0000000100000000)
  eden space 11776K, 0% used [0x00000000eab00000,0x00000000eab00000,0x00000000eb680000)
  from space 512K, 100% used [0x00000000ebb00000,0x00000000ebb80000,0x00000000ebb80000)
  to   space 512K, 0% used [0x00000000ebb80000,0x00000000ebb80000,0x00000000ebc00000)
 ParOldGen       total 153088K, used 140829K [0x00000000c0000000, 0x00000000c9580000, 0x00000000eab00000)
  object space 153088K, 91% used [0x00000000c0000000,0x00000000c8987670,0x00000000c9580000)
 Metaspace       used 83463K, capacity 86919K, committed 87256K, reserved 1128448K
  class space    used 7892K, capacity 9094K, committed 9176K, reserved 1048576K
}
Event: 67540.182 GC heap before
{Heap before GC invocations=12522 (full 301):
 PSYoungGen      total 12288K, used 12288K [0x00000000eab00000, 0x00000000ebc00000, 0x0000000100000000)
  eden space 11776K, 100% used [0x00000000eab00000,0x00000000eb680000,0x00000000eb680000)
  from space 512K, 100% used [0x00000000ebb00000,0x00000000ebb80000,0x00000000ebb80000)
  to   space 512K, 0% used [0x00000000ebb80000,0x00000000ebb80000,0x00000000ebc00000)
 ParOldGen       total 153088K, used 140829K [0x00000000c0000000, 0x00000000c9580000, 0x00000000eab00000)
  object space 153088K, 91% used [0x00000000c0000000,0x00000000c8987670,0x00000000c9580000)
 Metaspace       used 83465K, capacity 86919K, committed 87256K, reserved 1128448K
  class space    used 7892K, capacity 9094K, committed 9176K, reserved 1048576K
}
Event: 67540.184 GC heap after
{Heap after GC invocations=12522 (full 301):
 PSYoungGen      total 12288K, used 384K [0x00000000eab00000, 0x00000000ebc00000, 0x0000000100000000)
  eden space 11776K, 0% used [0x00000000eab00000,0x00000000eab00000,0x00000000eb680000)
  from space 512K, 75% used [0x00000000ebb80000,0x00000000ebbe0000,0x00000000ebc00000)
  to   space 1024K, 0% used [0x00000000eba00000,0x00000000eba00000,0x00000000ebb00000)
 ParOldGen       total 153088K, used 141348K [0x00000000c0000000, 0x00000000c9580000, 0x00000000eab00000)
  object space 153088K, 92% used [0x00000000c0000000,0x00000000c8a09310,0x00000000c9580000)
 Metaspace       used 83465K, capacity 86919K, committed 87256K, reserved 1128448K
  class space    used 7892K, capacity 9094K, committed 9176K, reserved 1048576K
}
Event: 67540.205 GC heap before
{Heap before GC invocations=12523 (full 301):
 PSYoungGen      total 12288K, used 12160K [0x00000000eab00000, 0x00000000ebc00000, 0x0000000100000000)
  eden space 11776K, 100% used [0x00000000eab00000,0x00000000eb680000,0x00000000eb680000)
  from space 512K, 75% used [0x00000000ebb80000,0x00000000ebbe0000,0x00000000ebc00000)
  to   space 1024K, 0% used [0x00000000eba00000,0x00000000eba00000,0x00000000ebb00000)
 ParOldGen       total 153088K, used 141348K [0x00000000c0000000, 0x00000000c9580000, 0x00000000eab00000)
  object space 153088K, 92% used [0x00000000c0000000,0x00000000c8a09310,0x00000000c9580000)
 Metaspace       used 83466K, capacity 86919K, committed 87256K, reserved 1128448K
  class space    used 7892K, capacity 9094K, committed 9176K, reserved 1048576K
}
Event: 67540.206 GC heap after
{Heap after GC invocations=12523 (full 301):
 PSYoungGen      total 12800K, used 384K [0x00000000eab00000, 0x00000000ebc00000, 0x0000000100000000)
  eden space 11776K, 0% used [0x00000000eab00000,0x00000000eab00000,0x00000000eb680000)
  from space 1024K, 37% used [0x00000000eba00000,0x00000000eba60000,0x00000000ebb00000)
  to   space 512K, 0% used [0x00000000ebb80000,0x00000000ebb80000,0x00000000ebc00000)
 ParOldGen       total 153088K, used 141516K [0x00000000c0000000, 0x00000000c9580000, 0x00000000eab00000)
  object space 153088K, 92% used [0x00000000c0000000,0x00000000c8a33310,0x00000000c9580000)
 Metaspace       used 83466K, capacity 86919K, committed 87256K, reserved 1128448K
  class space    used 7892K, capacity 9094K, committed 9176K, reserved 1048576K
}
Event: 67540.226 GC heap before
{Heap before GC invocations=12524 (full 301):
 PSYoungGen      total 12800K, used 12160K [0x00000000eab00000, 0x00000000ebc00000, 0x0000000100000000)
  eden space 11776K, 100% used [0x00000000eab00000,0x00000000eb680000,0x00000000eb680000)
  from space 1024K, 37% used [0x00000000eba00000,0x00000000eba60000,0x00000000ebb00000)
  to   space 512K, 0% used [0x00000000ebb80000,0x00000000ebb80000,0x00000000ebc00000)
 ParOldGen       total 153088K, used 141516K [0x00000000c0000000, 0x00000000c9580000, 0x00000000eab00000)
  object space 153088K, 92% used [0x00000000c0000000,0x00000000c8a33310,0x00000000c9580000)
 Metaspace       used 83470K, capacity 86919K, committed 87256K, reserved 1128448K
  class space    used 7892K, capacity 9094K, committed 9176K, reserved 1048576K
}
Event: 67540.228 GC heap after
{Heap after GC invocations=12524 (full 301):
 PSYoungGen      total 12288K, used 224K [0x00000000eab00000, 0x00000000ebc00000, 0x0000000100000000)
  eden space 11776K, 0% used [0x00000000eab00000,0x00000000eab00000,0x00000000eb680000)
  from space 512K, 43% used [0x00000000ebb80000,0x00000000ebbb8000,0x00000000ebc00000)
  to   space 512K, 0% used [0x00000000ebb00000,0x00000000ebb00000,0x00000000ebb80000)
 ParOldGen       total 153088K, used 141516K [0x00000000c0000000, 0x00000000c9580000, 0x00000000eab00000)
  object space 153088K, 92% used [0x00000000c0000000,0x00000000c8a33310,0x00000000c9580000)
 Metaspace       used 83470K, capacity 86919K, committed 87256K, reserved 1128448K
  class space    used 7892K, capacity 9094K, committed 9176K, reserved 1048576K
}
Event: 67540.245 GC heap before
{Heap before GC invocations=12525 (full 301):
 PSYoungGen      total 12288K, used 12000K [0x00000000eab00000, 0x00000000ebc00000, 0x0000000100000000)
  eden space 11776K, 100% used [0x00000000eab00000,0x00000000eb680000,0x00000000eb680000)
  from space 512K, 43% used [0x00000000ebb80000,0x00000000ebbb8000,0x00000000ebc00000)
  to   space 512K, 0% used [0x00000000ebb00000,0x00000000ebb00000,0x00000000ebb80000)
 ParOldGen       total 153088K, used 141516K [0x00000000c0000000, 0x00000000c9580000, 0x00000000eab00000)
  object space 153088K, 92% used [0x00000000c0000000,0x00000000c8a33310,0x00000000c9580000)
 Metaspace       used 83470K, capacity 86919K, committed 87256K, reserved 1128448K
  class space    used 7892K, capacity 9094K, committed 9176K, reserved 1048576K
}
Event: 67540.248 GC heap after
{Heap after GC invocations=12525 (full 301):
 PSYoungGen      total 12288K, used 503K [0x00000000eab00000, 0x00000000ebc00000, 0x0000000100000000)
  eden space 11776K, 0% used [0x00000000eab00000,0x00000000eab00000,0x00000000eb680000)
  from space 512K, 98% used [0x00000000ebb00000,0x00000000ebb7df68,0x00000000ebb80000)
  to   space 512K, 0% used [0x00000000ebb80000,0x00000000ebb80000,0x00000000ebc00000)
 ParOldGen       total 153088K, used 141832K [0x00000000c0000000, 0x00000000c9580000, 0x00000000eab00000)
  object space 153088K, 92% used [0x00000000c0000000,0x00000000c8a820b0,0x00000000c9580000)
 Metaspace       used 83470K, capacity 86919K, committed 87256K, reserved 1128448K
  class space    used 7892K, capacity 9094K, committed 9176K, reserved 1048576K
}
Event: 67540.271 GC heap before
{Heap before GC invocations=12526 (full 301):
 PSYoungGen      total 12288K, used 12279K [0x00000000eab00000, 0x00000000ebc00000, 0x0000000100000000)
  eden space 11776K, 100% used [0x00000000eab00000,0x00000000eb680000,0x00000000eb680000)
  from space 512K, 98% used [0x00000000ebb00000,0x00000000ebb7df68,0x00000000ebb80000)
  to   space 512K, 0% used [0x00000000ebb80000,0x00000000ebb80000,0x00000000ebc00000)
 ParOldGen       total 153088K, used 141832K [0x00000000c0000000, 0x00000000c9580000, 0x00000000eab00000)
  object space 153088K, 92% used [0x00000000c0000000,0x00000000c8a820b0,0x00000000c9580000)
 Metaspace       used 83470K, capacity 86919K, committed 87256K, reserved 1128448K
  class space    used 7892K, capacity 9094K, committed 9176K, reserved 1048576K
}
Event: 67540.274 GC heap after
{Heap after GC invocations=12526 (full 301):
 PSYoungGen      total 12288K, used 512K [0x00000000eab00000, 0x00000000ebc80000, 0x0000000100000000)
  eden space 11776K, 0% used [0x00000000eab00000,0x00000000eab00000,0x00000000eb680000)
  from space 512K, 100% used [0x00000000ebb80000,0x00000000ebc00000,0x00000000ebc00000)
  to   space 3072K, 0% used [0x00000000eb680000,0x00000000eb680000,0x00000000eb980000)
 ParOldGen       total 153088K, used 143829K [0x00000000c0000000, 0x00000000c9580000, 0x00000000eab00000)
  object space 153088K, 93% used [0x00000000c0000000,0x00000000c8c75468,0x00000000c9580000)
 Metaspace       used 83470K, capacity 86919K, committed 87256K, reserved 1128448K
  class space    used 7892K, capacity 9094K, committed 9176K, reserved 1048576K
}
Event: 67540.702 GC heap before
{Heap before GC invocations=12527 (full 301):
 PSYoungGen      total 12288K, used 12288K [0x00000000eab00000, 0x00000000ebc80000, 0x0000000100000000)
  eden space 11776K, 100% used [0x00000000eab00000,0x00000000eb680000,0x00000000eb680000)
  from space 512K, 100% used [0x00000000ebb80000,0x00000000ebc00000,0x00000000ebc00000)
  to   space 3072K, 0% used [0x00000000eb680000,0x00000000eb680000,0x00000000eb980000)
 ParOldGen       total 153088K, used 143829K [0x00000000c0000000, 0x00000000c9580000, 0x00000000eab00000)
  object space 153088K, 93% used [0x00000000c0000000,0x00000000c8c75468,0x00000000c9580000)
 Metaspace       used 83470K, capacity 86919K, committed 87256K, reserved 1128448K
  class space    used 7892K, capacity 9094K, committed 9176K, reserved 1048576K
}
Event: 67540.707 GC heap after
{Heap after GC invocations=12527 (full 301):
 PSYoungGen      total 14848K, used 3055K [0x00000000eab00000, 0x00000000ebf80000, 0x0000000100000000)
  eden space 11776K, 0% used [0x00000000eab00000,0x00000000eab00000,0x00000000eb680000)
  from space 3072K, 99% used [0x00000000eb680000,0x00000000eb97bed0,0x00000000eb980000)
  to   space 4608K, 0% used [0x00000000ebb00000,0x00000000ebb00000,0x00000000ebf80000)
 ParOldGen       total 153088K, used 144774K [0x00000000c0000000, 0x00000000c9580000, 0x00000000eab00000)
  object space 153088K, 94% used [0x00000000c0000000,0x00000000c8d61918,0x00000000c9580000)
 Metaspace       used 83470K, capacity 86919K, committed 87256K, reserved 1128448K
  class space    used 7892K, capacity 9094K, committed 9176K, reserved 1048576K
}
Event: 67540.739 GC heap before
{Heap before GC invocations=12528 (full 301):
 PSYoungGen      total 14848K, used 14831K [0x00000000eab00000, 0x00000000ebf80000, 0x0000000100000000)
  eden space 11776K, 100% used [0x00000000eab00000,0x00000000eb680000,0x00000000eb680000)
  from space 3072K, 99% used [0x00000000eb680000,0x00000000eb97bed0,0x00000000eb980000)
  to   space 4608K, 0% used [0x00000000ebb00000,0x00000000ebb00000,0x00000000ebf80000)
 ParOldGen       total 153088K, used 144774K [0x00000000c0000000, 0x00000000c9580000, 0x00000000eab00000)
  object space 153088K, 94% used [0x00000000c0000000,0x00000000c8d61918,0x00000000c9580000)
 Metaspace       used 83470K, capacity 86919K, committed 87256K, reserved 1128448K
  class space    used 7892K, capacity 9094K, committed 9176K, reserved 1048576K
}
Event: 67540.745 GC heap after
{Heap after GC invocations=12528 (full 301):
 PSYoungGen      total 14848K, used 2960K [0x00000000eab00000, 0x00000000ebe00000, 0x0000000100000000)
  eden space 11776K, 0% used [0x00000000eab00000,0x00000000eab00000,0x00000000eb680000)
  from space 3072K, 96% used [0x00000000ebb00000,0x00000000ebde4230,0x00000000ebe00000)
  to   space 3584K, 0% used [0x00000000eb700000,0x00000000eb700000,0x00000000eba80000)
 ParOldGen       total 153088K, used 147834K [0x00000000c0000000, 0x00000000c9580000, 0x00000000eab00000)
  object space 153088K, 96% used [0x00000000c0000000,0x00000000c905e9a0,0x00000000c9580000)
 Metaspace       used 83470K, capacity 86919K, committed 87256K, reserved 1128448K
  class space    used 7892K, capacity 9094K, committed 9176K, reserved 1048576K
}
Event: 67540.774 GC heap before
{Heap before GC invocations=12529 (full 301):
 PSYoungGen      total 14848K, used 14736K [0x00000000eab00000, 0x00000000ebe00000, 0x0000000100000000)
  eden space 11776K, 100% used [0x00000000eab00000,0x00000000eb680000,0x00000000eb680000)
  from space 3072K, 96% used [0x00000000ebb00000,0x00000000ebde4230,0x00000000ebe00000)
  to   space 3584K, 0% used [0x00000000eb700000,0x00000000eb700000,0x00000000eba80000)
 ParOldGen       total 153088K, used 147834K [0x00000000c0000000, 0x00000000c9580000, 0x00000000eab00000)
  object space 153088K, 96% used [0x00000000c0000000,0x00000000c905e9a0,0x00000000c9580000)
 Metaspace       used 83470K, capacity 86919K, committed 87256K, reserved 1128448K
  class space    used 7892K, capacity 9094K, committed 9176K, reserved 1048576K
}
Event: 67540.779 GC heap after
{Heap after GC invocations=12529 (full 301):
 PSYoungGen      total 14848K, used 2656K [0x00000000eab00000, 0x00000000ebc80000, 0x0000000100000000)
  eden space 11776K, 0% used [0x00000000eab00000,0x00000000eab00000,0x00000000eb680000)
  from space 3072K, 86% used [0x00000000eb700000,0x00000000eb998000,0x00000000eba00000)
  to   space 2560K, 0% used [0x00000000eba00000,0x00000000eba00000,0x00000000ebc80000)
 ParOldGen       total 153088K, used 150711K [0x00000000c0000000, 0x00000000c9580000, 0x00000000eab00000)
  object space 153088K, 98% used [0x00000000c0000000,0x00000000c932ded0,0x00000000c9580000)
 Metaspace       used 83470K, capacity 86919K, committed 87256K, reserved 1128448K
  class space    used 7892K, capacity 9094K, committed 9176K, reserved 1048576K
}
Event: 67540.780 GC heap before
{Heap before GC invocations=12530 (full 302):
 PSYoungGen      total 14848K, used 2656K [0x00000000eab00000, 0x00000000ebc80000, 0x0000000100000000)
  eden space 11776K, 0% used [0x00000000eab00000,0x00000000eab00000,0x00000000eb680000)
  from space 3072K, 86% used [0x00000000eb700000,0x00000000eb998000,0x00000000eba00000)
  to   space 2560K, 0% used [0x00000000eba00000,0x00000000eba00000,0x00000000ebc80000)
 ParOldGen       total 153088K, used 150711K [0x00000000c0000000, 0x00000000c9580000, 0x00000000eab00000)
  object space 153088K, 98% used [0x00000000c0000000,0x00000000c932ded0,0x00000000c9580000)
 Metaspace       used 83470K, capacity 86919K, committed 87256K, reserved 1128448K
  class space    used 7892K, capacity 9094K, committed 9176K, reserved 1048576K
}

